2022-12-09 20:53:58,391 [TestNG-test=ChromeTest-1] INFO org.cbsl.utility.BaseClass - Browser launched...
2022-12-09 20:54:05,577 [TestNG-test=ChromeTest-2] INFO org.cbsl.utility.BaseClass - Browser launched...
2022-12-09 20:54:12,232 [TestNG-test=ChromeTest-1] INFO org.cbsl.utility.WebUtill - https://opensource-demo.orangehrmlive.com/ opened successfully
2022-12-09 20:54:12,566 [TestNG-test=ChromeTest-2] INFO org.cbsl.utility.WebUtill - https://opensource-demo.orangehrmlive.com/ opened successfully
2022-12-09 20:57:36,537 [main] INFO org.cbsl.utility.BaseClass - Browser launched...
2022-12-09 20:57:52,373 [main] INFO org.cbsl.utility.WebUtill - https://opensource-demo.orangehrmlive.com/ opened successfully
2022-12-09 20:58:25,063 [main] INFO org.cbsl.utility.BaseClass - Browser launched...
2022-12-09 21:09:49,094 [main] INFO org.cbsl.utility.BaseClass - Browser launched...
2022-12-09 21:10:12,099 [main] INFO org.cbsl.utility.WebUtill - https://opensource-demo.orangehrmlive.com/ opened successfully
2022-12-09 21:10:13,850 [main] INFO org.cbsl.utility.WebUtill - admin123 is entered in text box.
2022-12-09 21:10:14,171 [main] INFO org.cbsl.utility.WebUtill - Admin is entered in text box.
2022-12-09 21:10:49,343 [main] INFO org.cbsl.utility.WebUtill - Click on Proxy element for: DefaultElementLocator 'By.xpath: //button[@type='submit']'
2022-12-09 21:10:49,344 [main] INFO org.cbsl.pageObjects.login.LoginPage - Click on Login Button......
2022-12-09 21:11:19,411 [main] INFO org.cbsl.utility.WebUtill - ElementNotVisibleException occured try again on click org.openqa.selenium.NoSuchElementException: no such element: Unable to locate element: {"method":"xpath","selector":"//a[@id='menu_pim_viewPimModule']"}
  (Session info: chrome=108.0.5359.96)
For documentation on this error, please visit: https://www.seleniumhq.org/exceptions/no_such_element.html
Build info: version: '3.141.59', revision: 'e82be7d358', time: '2018-11-14T08:17:03'
System info: host: '5CD138MBF9', ip: '192.168.0.101', os.name: 'Windows 10', os.arch: 'amd64', os.version: '10.0', java.version: '1.8.0_301'
Driver info: org.openqa.selenium.chrome.ChromeDriver
Capabilities {acceptInsecureCerts: false, browserName: chrome, browserVersion: 108.0.5359.96, chrome: {chromedriverVersion: 108.0.5359.71 (1e0e3868ee06..., userDataDir: C:\Users\288568\AppData\Loc...}, goog:chromeOptions: {debuggerAddress: localhost:56776}, javascriptEnabled: true, networkConnectionEnabled: false, pageLoadStrategy: normal, platform: WINDOWS, platformName: WINDOWS, proxy: Proxy(), setWindowRect: true, strictFileInteractability: false, timeouts: {implicit: 0, pageLoad: 300000, script: 30000}, unhandledPromptBehavior: dismiss and notify, webauthn:extension:credBlob: true, webauthn:extension:largeBlob: true, webauthn:virtualAuthenticators: true}
Session ID: cbaeebc88f782a78eb079c4f9f708ab5
*** Element info: {Using=xpath, value=//a[@id='menu_pim_viewPimModule']}
2022-12-09 21:11:50,292 [main] INFO org.cbsl.utility.BaseClass - Screenshot taken for failed testcase001_loginTest testcases
2022-12-09 21:11:53,544 [main] INFO org.cbsl.utility.BaseClass - Browser launched...
2022-12-09 21:23:18,535 [main] INFO org.cbsl.utility.BaseClass - Browser launched...
2022-12-09 21:23:34,904 [main] INFO org.cbsl.utility.WebUtill - https://opensource-demo.orangehrmlive.com/ opened successfully
2022-12-09 21:23:36,060 [main] INFO org.cbsl.utility.WebUtill - admin123 is entered in text box.
2022-12-09 21:23:36,379 [main] INFO org.cbsl.utility.WebUtill - Admin is entered in text box.
2022-12-09 21:24:07,906 [main] INFO org.cbsl.utility.WebUtill - Click on Proxy element for: DefaultElementLocator 'By.xpath: //button[@type='submit']'
2022-12-09 21:24:07,907 [main] INFO org.cbsl.pageObjects.login.LoginPage - Click on Login Button......
2022-12-09 21:24:37,984 [main] INFO org.cbsl.utility.WebUtill - ElementNotVisibleException occured try again on click org.openqa.selenium.NoSuchElementException: no such element: Unable to locate element: {"method":"xpath","selector":"//a[@id='menu_pim_viewPimModule']"}
  (Session info: chrome=108.0.5359.96)
For documentation on this error, please visit: https://www.seleniumhq.org/exceptions/no_such_element.html
Build info: version: '3.141.59', revision: 'e82be7d358', time: '2018-11-14T08:17:03'
System info: host: '5CD138MBF9', ip: '192.168.0.101', os.name: 'Windows 10', os.arch: 'amd64', os.version: '10.0', java.version: '1.8.0_301'
Driver info: org.openqa.selenium.chrome.ChromeDriver
Capabilities {acceptInsecureCerts: false, browserName: chrome, browserVersion: 108.0.5359.96, chrome: {chromedriverVersion: 108.0.5359.71 (1e0e3868ee06..., userDataDir: C:\Users\288568\AppData\Loc...}, goog:chromeOptions: {debuggerAddress: localhost:57234}, javascriptEnabled: true, networkConnectionEnabled: false, pageLoadStrategy: normal, platform: WINDOWS, platformName: WINDOWS, proxy: Proxy(), setWindowRect: true, strictFileInteractability: false, timeouts: {implicit: 0, pageLoad: 300000, script: 30000}, unhandledPromptBehavior: dismiss and notify, webauthn:extension:credBlob: true, webauthn:extension:largeBlob: true, webauthn:virtualAuthenticators: true}
Session ID: 11b4d82586f32d8e7c6b186362c90acf
*** Element info: {Using=xpath, value=//a[@id='menu_pim_viewPimModule']}
2022-12-09 21:25:08,655 [main] INFO org.cbsl.utility.BaseClass - Screenshot taken for failed testcase001_loginTest testcases
2022-12-09 21:25:11,589 [main] INFO org.cbsl.utility.BaseClass - Browser launched...
2022-12-09 21:25:26,078 [main] INFO org.cbsl.utility.WebUtill - https://opensource-demo.orangehrmlive.com/ opened successfully
2022-12-09 21:25:27,612 [main] INFO org.cbsl.utility.WebUtill - admin123 is entered in text box.
2022-12-09 21:25:27,992 [main] INFO org.cbsl.utility.WebUtill - Admin is entered in text box.
2022-12-09 21:25:59,664 [main] INFO org.cbsl.utility.WebUtill - Click on Proxy element for: DefaultElementLocator 'By.xpath: //button[@type='submit']'
2022-12-09 21:25:59,665 [main] INFO org.cbsl.pageObjects.login.LoginPage - Click on Login Button......
2022-12-09 21:26:29,714 [main] INFO org.cbsl.utility.WebUtill - ElementNotVisibleException occured try again on click org.openqa.selenium.NoSuchElementException: no such element: Unable to locate element: {"method":"xpath","selector":"//a[@id='menu_pim_viewPimModule']"}
  (Session info: chrome=108.0.5359.96)
For documentation on this error, please visit: https://www.seleniumhq.org/exceptions/no_such_element.html
Build info: version: '3.141.59', revision: 'e82be7d358', time: '2018-11-14T08:17:03'
System info: host: '5CD138MBF9', ip: '192.168.0.101', os.name: 'Windows 10', os.arch: 'amd64', os.version: '10.0', java.version: '1.8.0_301'
Driver info: org.openqa.selenium.chrome.ChromeDriver
Capabilities {acceptInsecureCerts: false, browserName: chrome, browserVersion: 108.0.5359.96, chrome: {chromedriverVersion: 108.0.5359.71 (1e0e3868ee06..., userDataDir: C:\Users\288568\AppData\Loc...}, goog:chromeOptions: {debuggerAddress: localhost:57265}, javascriptEnabled: true, networkConnectionEnabled: false, pageLoadStrategy: normal, platform: WINDOWS, platformName: WINDOWS, proxy: Proxy(), setWindowRect: true, strictFileInteractability: false, timeouts: {implicit: 0, pageLoad: 300000, script: 30000}, unhandledPromptBehavior: dismiss and notify, webauthn:extension:credBlob: true, webauthn:extension:largeBlob: true, webauthn:virtualAuthenticators: true}
Session ID: 421b19874e7e89ae9ff2023bc18b8d83
*** Element info: {Using=xpath, value=//a[@id='menu_pim_viewPimModule']}
2022-12-09 21:27:00,336 [main] INFO org.cbsl.utility.BaseClass - Screenshot taken for failed testcase002_Test testcases
2023-01-31 18:00:13,804 [main] INFO org.cbsl.utility.BaseClass - Browser launched...
2023-01-31 18:00:19,878 [main] INFO org.cbsl.utility.WebUtill - https://opensource-demo.orangehrmlive.com/ opened successfully
2023-01-31 18:00:21,513 [main] INFO org.cbsl.utility.WebUtill - admin123 is entered in text box.
2023-01-31 18:00:22,030 [main] INFO org.cbsl.utility.WebUtill - Admin is entered in text box.
2023-01-31 18:00:53,952 [main] INFO org.cbsl.utility.WebUtill - Click on Proxy element for: DefaultElementLocator 'By.xpath: //button[@type='submit']'
2023-01-31 18:00:53,953 [main] INFO org.cbsl.pageObjects.login.LoginPage - Click on Login Button......
2023-01-31 18:01:24,037 [main] INFO org.cbsl.utility.WebUtill - ElementNotVisibleException occured try again on click org.openqa.selenium.NoSuchElementException: no such element: Unable to locate element: {"method":"xpath","selector":"//a[@id='menu_pim_viewPimModule']"}
  (Session info: chrome=109.0.5414.120)
For documentation on this error, please visit: https://www.seleniumhq.org/exceptions/no_such_element.html
Build info: version: '3.141.59', revision: 'e82be7d358', time: '2018-11-14T08:17:03'
System info: host: '5CD138MBF9', ip: '192.168.55.230', os.name: 'Windows 10', os.arch: 'amd64', os.version: '10.0', java.version: '1.8.0_301'
Driver info: org.openqa.selenium.chrome.ChromeDriver
Capabilities {acceptInsecureCerts: false, browserName: chrome, browserVersion: 109.0.5414.120, chrome: {chromedriverVersion: 109.0.5414.74 (e7c5703604da..., userDataDir: C:\Users\288568\AppData\Loc...}, goog:chromeOptions: {debuggerAddress: localhost:64059}, javascriptEnabled: true, networkConnectionEnabled: false, pageLoadStrategy: normal, platform: WINDOWS, platformName: WINDOWS, proxy: Proxy(), setWindowRect: true, strictFileInteractability: false, timeouts: {implicit: 0, pageLoad: 300000, script: 30000}, unhandledPromptBehavior: dismiss and notify, webauthn:extension:credBlob: true, webauthn:extension:largeBlob: true, webauthn:virtualAuthenticators: true}
Session ID: fd84de1246a5d7795734aca153741f2b
*** Element info: {Using=xpath, value=//a[@id='menu_pim_viewPimModule']}
2023-01-31 18:01:54,689 [main] INFO org.cbsl.utility.BaseClass - Screenshot taken for failed testcase001_loginTest testcases
